Start testing: Aug 29 21:17 IST
----------------------------------------------------------
1/3 Testing: test_wrap_malloc
1/3 Test: test_wrap_malloc
Command: "/home/shion/Documents/cosmos/build-pass/tests/test_wrap_malloc"
Directory: /home/shion/Documents/cosmos/build-pass/tests
"test_wrap_malloc" start time: Aug 29 21:17 IST
Output:
----------------------------------------------------------
[PASS] test_passthrough_malloc
[PASS] test_active_sim_malloc_and_alignment
[PASS] test_oom_fault_injection
[PASS] test_zero_byte_allocation
[PASS] test_reentrancy_and_many_allocations
All malloc wrapper tests passed successfully!
<end of output>
Test time =   0.01 sec
----------------------------------------------------------
Test Passed.
"test_wrap_malloc" end time: Aug 29 21:17 IST
"test_wrap_malloc" time elapsed: 00:00:00
----------------------------------------------------------

2/3 Testing: test_random
2/3 Test: test_random
Command: "/home/shion/Documents/cosmos/build-pass/tests/test_random"
Directory: /home/shion/Documents/cosmos/build-pass/tests
"test_random" start time: Aug 29 21:17 IST
Output:
----------------------------------------------------------
[PASS] test_known_answer_vectors
[PASS] test_same_seed_reproduces_identical_sequence
[PASS] test_uniform_stays_within_unit_interval
[PASS] test_seed_zero_is_not_degenerate
[PASS] test_range_respects_bounds
[PASS] test_coin_respects_extremes
All random engine tests passed successfully!
<end of output>
Test time =   0.02 sec
----------------------------------------------------------
Test Passed.
"test_random" end time: Aug 29 21:17 IST
"test_random" time elapsed: 00:00:00
----------------------------------------------------------

3/3 Testing: test_seed_derivation
3/3 Test: test_seed_derivation
Command: "/home/shion/Documents/cosmos/build-pass/tests/test_seed_derivation"
Directory: /home/shion/Documents/cosmos/build-pass/tests
"test_seed_derivation" start time: Aug 29 21:17 IST
Output:
----------------------------------------------------------
[PASS] test_derivation_is_deterministic
[PASS] test_universe_seeds_are_distinct
[PASS] test_adjacent_universe_indices_decorrelate
[PASS] test_stream_domains_are_independent
[PASS] test_fault_class_substreams_are_isolated
[PASS] test_every_fault_class_derives_a_distinct_substream
[PASS] test_zero_campaign_seed_and_index_are_not_degenerate
[PASS] test_extreme_index_values
All seed derivation tests passed successfully!
<end of output>
Test time =   0.10 sec
----------------------------------------------------------
Test Passed.
"test_seed_derivation" end time: Aug 29 21:17 IST
"test_seed_derivation" time elapsed: 00:00:00
----------------------------------------------------------

End testing: Aug 29 21:17 IST
